<?xml version="1.0" encoding="UTF-8"?>
<!-- Generated by org.testng.reporters.JUnitReportReporter -->
<testsuite skipped="0" hostname="DESKTOP-RNTJV4M" name="Cucumber_Runner.Runner" tests="3" failures="0" timestamp="2020-02-12T21:39:02 EET" time="208.408" errors="0">
  <testcase name="feature" time="74.557" classname="Cucumber_Runner.Runner"/>
  <testcase name="feature" time="57.094" classname="Cucumber_Runner.Runner"/>
  <testcase name="feature" time="76.757" classname="Cucumber_Runner.Runner"/>
</testsuite> <!-- Cucumber_Runner.Runner -->
